Build started at 2023-04-23T18:29:22.895550
Main binary: /usr/local/bin/python3.9
Build Options: 
Python system: FreeBSD
The Meson build system
Version: 1.0.1
Source dir: /usr/home/will/github/somebar
Build dir: /usr/home/will/github/somebar/build
Build type: native build
Project name: somebar
Project version: 0.1.0
-----
Detecting compiler via: cc --version
compiler returned <Popen: returncode: 0 args: ['cc', '--version']>
compiler stdout:
FreeBSD clang version 13.0.0 (git@github.com:llvm/llvm-project.git llvmorg-13.0.0-0-gd7b669b3a303)
Target: x86_64-unknown-freebsd13.1
Thread model: posix
InstalledDir: /usr/bin

compiler stderr:

Running command: cc -E -dM -
-----
Detecting linker via: cc -Wl,--version
linker returned <Popen: returncode: 0 args: ['cc', '-Wl,--version']>
linker stdout:
LLD 13.0.0 (FreeBSD llvmorg-13.0.0-0-gd7b669b3a303-1400002) (compatible with GNU linkers)

linker stderr:

-----
Detecting LLD linker via: cc -Wl,-v
linker stdout:
LLD 13.0.0 (FreeBSD llvmorg-13.0.0-0-gd7b669b3a303-1400002) (compatible with GNU linkers)

linker stderr:
ld: error: undefined symbol: main
>>> referenced by crt1_c.c:75 (/usr/src/lib/csu/amd64/crt1_c.c:75)
>>>               /usr/lib/crt1.o:(_start)
cc: error: linker command failed with exit code 1 (use -v to see invocation)

Sanity testing C compiler: cc
Is cross compiler: False.
Sanity check compiler command line: cc sanitycheckc.c -o sanitycheckc.exe -D_FILE_OFFSET_BITS=64
Sanity check compile stdout:

-----
Sanity check compile stderr:

-----
Running test binary command:  /usr/home/will/github/somebar/build/meson-private/sanitycheckc.exe
C compiler for the host machine: cc (clang 13.0.0 "FreeBSD clang version 13.0.0 (git@github.com:llvm/llvm-project.git llvmorg-13.0.0-0-gd7b669b3a303)")
C linker for the host machine: cc ld.lld 13.0.0
-----
Detecting compiler via: c++ --version
compiler returned <Popen: returncode: 0 args: ['c++', '--version']>
compiler stdout:
FreeBSD clang version 13.0.0 (git@github.com:llvm/llvm-project.git llvmorg-13.0.0-0-gd7b669b3a303)
Target: x86_64-unknown-freebsd13.1
Thread model: posix
InstalledDir: /usr/bin

compiler stderr:

Running command: c++ -E -dM -
-----
Detecting linker via: c++ -Wl,--version
linker returned <Popen: returncode: 0 args: ['c++', '-Wl,--version']>
linker stdout:
LLD 13.0.0 (FreeBSD llvmorg-13.0.0-0-gd7b669b3a303-1400002) (compatible with GNU linkers)

linker stderr:

-----
Detecting LLD linker via: c++ -Wl,-v
linker stdout:
LLD 13.0.0 (FreeBSD llvmorg-13.0.0-0-gd7b669b3a303-1400002) (compatible with GNU linkers)

linker stderr:
ld: error: undefined symbol: main
>>> referenced by crt1_c.c:75 (/usr/src/lib/csu/amd64/crt1_c.c:75)
>>>               /usr/lib/crt1.o:(_start)
c++: error: linker command failed with exit code 1 (use -v to see invocation)

Sanity testing C++ compiler: c++
Is cross compiler: False.
Sanity check compiler command line: c++ sanitycheckcpp.cc -o sanitycheckcpp.exe -Wno-parentheses -D_FILE_OFFSET_BITS=64
Sanity check compile stdout:

-----
Sanity check compile stderr:

-----
Running test binary command:  /usr/home/will/github/somebar/build/meson-private/sanitycheckcpp.exe
C++ compiler for the host machine: c++ (clang 13.0.0 "FreeBSD clang version 13.0.0 (git@github.com:llvm/llvm-project.git llvmorg-13.0.0-0-gd7b669b3a303)")
C++ linker for the host machine: c++ ld.lld 13.0.0
-----
Detecting compiler via: cc --version
compiler returned <Popen: returncode: 0 args: ['cc', '--version']>
compiler stdout:
FreeBSD clang version 13.0.0 (git@github.com:llvm/llvm-project.git llvmorg-13.0.0-0-gd7b669b3a303)
Target: x86_64-unknown-freebsd13.1
Thread model: posix
InstalledDir: /usr/bin

compiler stderr:

Running command: cc -E -dM -
-----
Detecting linker via: cc -Wl,--version
linker returned <Popen: returncode: 0 args: ['cc', '-Wl,--version']>
linker stdout:
LLD 13.0.0 (FreeBSD llvmorg-13.0.0-0-gd7b669b3a303-1400002) (compatible with GNU linkers)

linker stderr:

-----
Detecting LLD linker via: cc -Wl,-v
linker stdout:
LLD 13.0.0 (FreeBSD llvmorg-13.0.0-0-gd7b669b3a303-1400002) (compatible with GNU linkers)

linker stderr:
ld: error: undefined symbol: main
>>> referenced by crt1_c.c:75 (/usr/src/lib/csu/amd64/crt1_c.c:75)
>>>               /usr/lib/crt1.o:(_start)
cc: error: linker command failed with exit code 1 (use -v to see invocation)

Sanity testing C compiler: cc
Is cross compiler: False.
Sanity check compiler command line: cc sanitycheckc.c -o sanitycheckc.exe -D_FILE_OFFSET_BITS=64
Sanity check compile stdout:

-----
Sanity check compile stderr:

-----
Running test binary command:  /usr/home/will/github/somebar/build/meson-private/sanitycheckc.exe
C compiler for the build machine: cc (clang 13.0.0 "FreeBSD clang version 13.0.0 (git@github.com:llvm/llvm-project.git llvmorg-13.0.0-0-gd7b669b3a303)")
C linker for the build machine: cc ld.lld 13.0.0
-----
Detecting compiler via: c++ --version
compiler returned <Popen: returncode: 0 args: ['c++', '--version']>
compiler stdout:
FreeBSD clang version 13.0.0 (git@github.com:llvm/llvm-project.git llvmorg-13.0.0-0-gd7b669b3a303)
Target: x86_64-unknown-freebsd13.1
Thread model: posix
InstalledDir: /usr/bin

compiler stderr:

Running command: c++ -E -dM -
-----
Detecting linker via: c++ -Wl,--version
linker returned <Popen: returncode: 0 args: ['c++', '-Wl,--version']>
linker stdout:
LLD 13.0.0 (FreeBSD llvmorg-13.0.0-0-gd7b669b3a303-1400002) (compatible with GNU linkers)

linker stderr:

-----
Detecting LLD linker via: c++ -Wl,-v
linker stdout:
LLD 13.0.0 (FreeBSD llvmorg-13.0.0-0-gd7b669b3a303-1400002) (compatible with GNU linkers)

linker stderr:
ld: error: undefined symbol: main
>>> referenced by crt1_c.c:75 (/usr/src/lib/csu/amd64/crt1_c.c:75)
>>>               /usr/lib/crt1.o:(_start)
c++: error: linker command failed with exit code 1 (use -v to see invocation)

Sanity testing C++ compiler: c++
Is cross compiler: False.
Sanity check compiler command line: c++ sanitycheckcpp.cc -o sanitycheckcpp.exe -D_FILE_OFFSET_BITS=64
Sanity check compile stdout:

-----
Sanity check compile stderr:

-----
Running test binary command:  /usr/home/will/github/somebar/build/meson-private/sanitycheckcpp.exe
C++ compiler for the build machine: c++ (clang 13.0.0 "FreeBSD clang version 13.0.0 (git@github.com:llvm/llvm-project.git llvmorg-13.0.0-0-gd7b669b3a303)")
C++ linker for the build machine: c++ ld.lld 13.0.0
Build machine cpu family: x86_64
Build machine cpu: x86_64
Host machine cpu family: x86_64
Host machine cpu: x86_64
Target machine cpu family: x86_64
Target machine cpu: x86_64
Pkg-config binary for 1 is not cached.
Pkg-config binary missing from cross or native file, or env var undefined.
Trying a default Pkg-config fallback at pkg-config
Found pkg-config: /usr/local/bin/pkg-config (1.8.1)
Determining dependency 'wayland-client' with pkg-config executable '/usr/local/bin/pkg-config'
env[PKG_CONFIG_PATH]: 
Called `/usr/local/bin/pkg-config --modversion wayland-client` -> 0
stdout:
1.21.0
-----------
env[PKG_CONFIG_PATH]: 
Called `/usr/local/bin/pkg-config --cflags wayland-client` -> 0
stdout:
-I/usr/local/include -I/usr/local/include/libepoll-shim
-----------
env[PKG_CONFIG_ALLOW_SYSTEM_LIBS]: 1
env[PKG_CONFIG_PATH]: 
Called `/usr/local/bin/pkg-config --libs wayland-client` -> 0
stdout:
-L/usr/local/lib -lwayland-client
-----------
env[PKG_CONFIG_PATH]: 
Called `/usr/local/bin/pkg-config --libs wayland-client` -> 0
stdout:
-L/usr/local/lib -lwayland-client
-----------
Running compile:
Working directory:  /usr/home/will/github/somebar/build/meson-private/tmp6x3j00x0
Command line:  c++ /usr/home/will/github/somebar/build/meson-private/tmp6x3j00x0/testfile.cpp -o /usr/home/will/github/somebar/build/meson-private/tmp6x3j00x0/output.exe -Wno-parentheses -D_FILE_OFFSET_BITS=64 -O0 -fpermissive -Werror=implicit-function-declaration 

Code:
 #include<stdio.h>
        
        int main(void) {
            printf("%ld\n", (long)(sizeof(void *)));
            return 0;
        }
Compiler stdout:
 
Compiler stderr:
 
Program stdout:

8

Program stderr:


Running compile:
Working directory:  /usr/home/will/github/somebar/build/meson-private/tmpvyat40gg
Command line:  c++ /usr/home/will/github/somebar/build/meson-private/tmpvyat40gg/testfile.cpp -o /usr/home/will/github/somebar/build/meson-private/tmpvyat40gg/output.obj -c -Wno-parentheses -D_FILE_OFFSET_BITS=64 -O0 -fpermissive -Werror=implicit-function-declaration -Werror=unknown-warning-option -Werror=unused-command-line-argument -Werror=ignored-optimization-argument --print-search-dirs 

Code:
 
Compiler stdout:
 programs: =/usr/bin
libraries: =/usr/lib/clang/13.0.0:/usr/lib

Compiler stderr:
 
Run-time dependency wayland-client found: YES 1.21.0
Pkg-config binary for 1 is cached.
Determining dependency 'wayland-cursor' with pkg-config executable '/usr/local/bin/pkg-config'
env[PKG_CONFIG_PATH]: 
Called `/usr/local/bin/pkg-config --modversion wayland-cursor` -> 0
stdout:
1.21.0
-----------
env[PKG_CONFIG_PATH]: 
Called `/usr/local/bin/pkg-config --cflags wayland-cursor` -> 0
stdout:
-I/usr/local/include -I/usr/local/include/libepoll-shim
-----------
env[PKG_CONFIG_ALLOW_SYSTEM_LIBS]: 1
env[PKG_CONFIG_PATH]: 
Called `/usr/local/bin/pkg-config --libs wayland-cursor` -> 0
stdout:
-L/usr/local/lib -lwayland-cursor
-----------
env[PKG_CONFIG_PATH]: 
Called `/usr/local/bin/pkg-config --libs wayland-cursor` -> 0
stdout:
-L/usr/local/lib -lwayland-cursor
-----------
Run-time dependency wayland-cursor found: YES 1.21.0
Pkg-config binary for 1 is cached.
Determining dependency 'cairo' with pkg-config executable '/usr/local/bin/pkg-config'
env[PKG_CONFIG_PATH]: 
Called `/usr/local/bin/pkg-config --modversion cairo` -> 0
stdout:
1.17.4
-----------
env[PKG_CONFIG_PATH]: 
Called `/usr/local/bin/pkg-config --cflags cairo` -> 0
stdout:
-I/usr/local/include/cairo -I/usr/local/include -I/usr/local/include/glib-2.0 -I/usr/local/lib/glib-2.0/include -I/usr/local/include/pixman-1 -I/usr/local/include/freetype2 -I/usr/local/include/libpng16 -D_THREAD_SAFE
-----------
env[PKG_CONFIG_ALLOW_SYSTEM_LIBS]: 1
env[PKG_CONFIG_PATH]: 
Called `/usr/local/bin/pkg-config --libs cairo` -> 0
stdout:
-L/usr/local/lib -lcairo
-----------
env[PKG_CONFIG_PATH]: 
Called `/usr/local/bin/pkg-config --libs cairo` -> 0
stdout:
-L/usr/local/lib -lcairo
-----------
Run-time dependency cairo found: YES 1.17.4
Pkg-config binary for 1 is cached.
Determining dependency 'pango' with pkg-config executable '/usr/local/bin/pkg-config'
env[PKG_CONFIG_PATH]: 
Called `/usr/local/bin/pkg-config --modversion pango` -> 0
stdout:
1.50.9
-----------
env[PKG_CONFIG_PATH]: 
Called `/usr/local/bin/pkg-config --cflags pango` -> 0
stdout:
-I/usr/local/include/pango-1.0 -I/usr/local/include -I/usr/local/include/glib-2.0 -I/usr/local/lib/glib-2.0/include -I/usr/local/include/harfbuzz -I/usr/local/include/freetype2 -I/usr/local/include/libpng16 -pthread -I/usr/local/include/fribidi -I/usr/local/include/cairo -I/usr/local/include/pixman-1 -D_THREAD_SAFE
-----------
env[PKG_CONFIG_ALLOW_SYSTEM_LIBS]: 1
env[PKG_CONFIG_PATH]: 
Called `/usr/local/bin/pkg-config --libs pango` -> 0
stdout:
-L/usr/local/lib -lpango-1.0 -lgobject-2.0 -lglib-2.0 -lintl -lharfbuzz
-----------
env[PKG_CONFIG_PATH]: 
Called `/usr/local/bin/pkg-config --libs pango` -> 0
stdout:
-L/usr/local/lib -lpango-1.0 -lgobject-2.0 -lglib-2.0 -lintl -lharfbuzz
-----------
Run-time dependency pango found: YES 1.50.9
Pkg-config binary for 1 is cached.
Determining dependency 'pangocairo' with pkg-config executable '/usr/local/bin/pkg-config'
env[PKG_CONFIG_PATH]: 
Called `/usr/local/bin/pkg-config --modversion pangocairo` -> 0
stdout:
1.50.9
-----------
env[PKG_CONFIG_PATH]: 
Called `/usr/local/bin/pkg-config --cflags pangocairo` -> 0
stdout:
-I/usr/local/include/pango-1.0 -I/usr/local/include -I/usr/local/include/glib-2.0 -I/usr/local/lib/glib-2.0/include -I/usr/local/include/harfbuzz -I/usr/local/include/freetype2 -I/usr/local/include/libpng16 -I/usr/local/include/fribidi -I/usr/local/include/cairo -I/usr/local/include/pixman-1 -D_THREAD_SAFE -D_THREAD_SAFE -pthread -D_THREAD_SAFE -D_THREAD_SAFE
-----------
env[PKG_CONFIG_ALLOW_SYSTEM_LIBS]: 1
env[PKG_CONFIG_PATH]: 
Called `/usr/local/bin/pkg-config --libs pangocairo` -> 0
stdout:
-L/usr/local/lib -lpangocairo-1.0 -lpango-1.0 -lgobject-2.0 -lglib-2.0 -lintl -lharfbuzz -lcairo
-----------
env[PKG_CONFIG_PATH]: 
Called `/usr/local/bin/pkg-config --libs pangocairo` -> 0
stdout:
-L/usr/local/lib -lpangocairo-1.0 -lpango-1.0 -lgobject-2.0 -lglib-2.0 -lintl -lharfbuzz -lcairo
-----------
Run-time dependency pangocairo found: YES 1.50.9
Program wayland-scanner found: YES (/usr/local/bin/wayland-scanner)
Pkg-config binary for 1 is cached.
Determining dependency 'wayland-protocols' with pkg-config executable '/usr/local/bin/pkg-config'
env[PKG_CONFIG_PATH]: 
Called `/usr/local/bin/pkg-config --modversion wayland-protocols` -> 0
stdout:
1.31
-----------
env[PKG_CONFIG_PATH]: 
Called `/usr/local/bin/pkg-config --cflags wayland-protocols` -> 0
env[PKG_CONFIG_ALLOW_SYSTEM_LIBS]: 1
env[PKG_CONFIG_PATH]: 
Called `/usr/local/bin/pkg-config --libs wayland-protocols` -> 0
env[PKG_CONFIG_PATH]: 
Called `/usr/local/bin/pkg-config --libs wayland-protocols` -> 0
Run-time dependency wayland-protocols found: YES 1.31
env[PKG_CONFIG_PATH]: 
Called `/usr/local/bin/pkg-config --variable=pkgdatadir wayland-protocols` -> 0
stdout:
//usr/local/share/wayland-protocols
-----------
Got pkgconfig variable pkgdatadir : //usr/local/share/wayland-protocols
Build targets in project: 1

Found ninja-1.11.1 at /usr/local/bin/ninja
Running compile:
Working directory:  /tmp/tmpiyak5h7x
Command line:  c++ /tmp/tmpiyak5h7x/testfile.cpp -o /tmp/tmpiyak5h7x/output.obj -D_FILE_OFFSET_BITS=64 -c -std=c++17 

Code:
 int i = static_cast<int>(0);
Compiler stdout:
 
Compiler stderr:
 
Compiler accepts -std=c++17: YES
Running compile:
Working directory:  /usr/home/will/github/somebar/build/meson-private/tmp16xsfsk0
Command line:  cc /usr/home/will/github/somebar/build/meson-private/tmp16xsfsk0/testfile.c -o /usr/home/will/github/somebar/build/meson-private/tmp16xsfsk0/output.obj -c -D_FILE_OFFSET_BITS=64 -O0 -Werror=implicit-function-declaration -Werror=unknown-warning-option -Werror=unused-command-line-argument -Werror=ignored-optimization-argument --print-search-dirs 

Code:
 
Compiler stdout:
 programs: =/usr/bin
libraries: =/usr/lib/clang/13.0.0:/usr/lib

Compiler stderr:
 
